<?xml version="1.0" encoding="UTF-8"?>
<!-- Generated by org.testng.reporters.JUnitReportReporter -->
<testsuite hostname="DESKTOP-BCCH4T4" failures="0" tests="1" name="Data.PS1" time="0.038" errors="0" timestamp="2023-05-03T11:46:13 IST" skipped="0">
  <testcase classname="Data.PS1" name="S1" time="0.038"/>
  <system-out/>
</testsuite> <!-- Data.PS1 -->
